{"D:\\百度前端大作业\\百度前端大作业\\src\\compiler.js": {"path":"D:\\百度前端大作业\\百度前端大作业\\src\\compiler.js","statementMap":{"0":{"start":{"line":5,"column":8},"end":{"line":5,"column":29}},"1":{"start":{"line":6,"column":8},"end":{"line":6,"column":29}},"2":{"start":{"line":7,"column":8},"end":{"line":14,"column":9}},"3":{"start":{"line":9,"column":12},"end":{"line":9,"column":57}},"4":{"start":{"line":11,"column":12},"end":{"line":11,"column":42}},"5":{"start":{"line":13,"column":12},"end":{"line":13,"column":48}},"6":{"start":{"line":21,"column":21},"end":{"line":21,"column":54}},"7":{"start":{"line":22,"column":8},"end":{"line":30,"column":9}},"8":{"start":{"line":23,"column":12},"end":{"line":29,"column":15}},"9":{"start":{"line":26,"column":16},"end":{"line":28,"column":17}},"10":{"start":{"line":27,"column":20},"end":{"line":27,"column":48}},"11":{"start":{"line":31,"column":8},"end":{"line":31,"column":24}},"12":{"start":{"line":38,"column":16},"end":{"line":38,"column":28}},"13":{"start":{"line":39,"column":8},"end":{"line":41,"column":10}},"14":{"start":{"line":47,"column":8},"end":{"line":57,"column":9}},"15":{"start":{"line":48,"column":12},"end":{"line":56,"column":15}},"16":{"start":{"line":49,"column":16},"end":{"line":55,"column":17}},"17":{"start":{"line":51,"column":20},"end":{"line":51,"column":51}},"18":{"start":{"line":52,"column":22},"end":{"line":55,"column":17}},"19":{"start":{"line":54,"column":20},"end":{"line":54,"column":48}},"20":{"start":{"line":64,"column":18},"end":{"line":64,"column":38}},"21":{"start":{"line":65,"column":8},"end":{"line":88,"column":10}},"22":{"start":{"line":66,"column":49},"end":{"line":66,"column":53}},"23":{"start":{"line":67,"column":12},"end":{"line":84,"column":13}},"24":{"start":{"line":68,"column":28},"end":{"line":68,"column":45}},"25":{"start":{"line":69,"column":16},"end":{"line":83,"column":17}},"26":{"start":{"line":71,"column":24},"end":{"line":73,"column":27}},"27":{"start":{"line":72,"column":28},"end":{"line":72,"column":54}},"28":{"start":{"line":74,"column":24},"end":{"line":74,"column":30}},"29":{"start":{"line":76,"column":24},"end":{"line":78,"column":27}},"30":{"start":{"line":77,"column":28},"end":{"line":77,"column":48}},"31":{"start":{"line":79,"column":24},"end":{"line":81,"column":27}},"32":{"start":{"line":80,"column":28},"end":{"line":80,"column":67}},"33":{"start":{"line":82,"column":24},"end":{"line":82,"column":30}},"34":{"start":{"line":85,"column":12},"end":{"line":87,"column":13}},"35":{"start":{"line":86,"column":16},"end":{"line":86,"column":75}},"36":{"start":{"line":89,"column":8},"end":{"line":89,"column":28}},"37":{"start":{"line":97,"column":17},"end":{"line":97,"column":34}},"38":{"start":{"line":98,"column":15},"end":{"line":98,"column":31}},"39":{"start":{"line":99,"column":8},"end":{"line":99,"column":51}},"40":{"start":{"line":105,"column":19},"end":{"line":105,"column":42}},"41":{"start":{"line":106,"column":8},"end":{"line":117,"column":9}},"42":{"start":{"line":108,"column":22},"end":{"line":108,"column":45}},"43":{"start":{"line":114,"column":12},"end":{"line":116,"column":14}},"44":{"start":{"line":115,"column":16},"end":{"line":115,"column":42}},"45":{"start":{"line":125,"column":20},"end":{"line":125,"column":36}},"46":{"start":{"line":127,"column":19},"end":{"line":127,"column":38}},"47":{"start":{"line":129,"column":20},"end":{"line":129,"column":39}},"48":{"start":{"line":131,"column":19},"end":{"line":131,"column":21}},"49":{"start":{"line":132,"column":8},"end":{"line":138,"column":11}},"50":{"start":{"line":133,"column":12},"end":{"line":137,"column":13}},"51":{"start":{"line":134,"column":16},"end":{"line":134,"column":42}},"52":{"start":{"line":136,"column":16},"end":{"line":136,"column":46}},"53":{"start":{"line":139,"column":8},"end":{"line":139,"column":32}}},"fnMap":{"0":{"name":"(anonymous_0)","decl":{"start":{"line":4,"column":4},"end":{"line":4,"column":5}},"loc":{"start":{"line":4,"column":25},"end":{"line":15,"column":5}},"line":4},"1":{"name":"(anonymous_1)","decl":{"start":{"line":20,"column":4},"end":{"line":20,"column":5}},"loc":{"start":{"line":20,"column":24},"end":{"line":32,"column":5}},"line":20},"2":{"name":"(anonymous_2)","decl":{"start":{"line":23,"column":36},"end":{"line":23,"column":37}},"loc":{"start":{"line":23,"column":46},"end":{"line":29,"column":13}},"line":23},"3":{"name":"(anonymous_3)","decl":{"start":{"line":37,"column":4},"end":{"line":37,"column":5}},"loc":{"start":{"line":37,"column":19},"end":{"line":42,"column":5}},"line":37},"4":{"name":"(anonymous_4)","decl":{"start":{"line":46,"column":4},"end":{"line":46,"column":5}},"loc":{"start":{"line":46,"column":22},"end":{"line":58,"column":5}},"line":46},"5":{"name":"(anonymous_5)","decl":{"start":{"line":48,"column":40},"end":{"line":48,"column":41}},"loc":{"start":{"line":48,"column":50},"end":{"line":56,"column":13}},"line":48},"6":{"name":"(anonymous_6)","decl":{"start":{"line":63,"column":4},"end":{"line":63,"column":5}},"loc":{"start":{"line":63,"column":29},"end":{"line":90,"column":5}},"line":63},"7":{"name":"(anonymous_7)","decl":{"start":{"line":65,"column":22},"end":{"line":65,"column":23}},"loc":{"start":{"line":65,"column":29},"end":{"line":88,"column":9}},"line":65},"8":{"name":"(anonymous_8)","decl":{"start":{"line":71,"column":59},"end":{"line":71,"column":60}},"loc":{"start":{"line":71,"column":70},"end":{"line":73,"column":25}},"line":71},"9":{"name":"(anonymous_9)","decl":{"start":{"line":76,"column":59},"end":{"line":76,"column":60}},"loc":{"start":{"line":76,"column":70},"end":{"line":78,"column":25}},"line":76},"10":{"name":"(anonymous_10)","decl":{"start":{"line":79,"column":54},"end":{"line":79,"column":55}},"loc":{"start":{"line":79,"column":58},"end":{"line":81,"column":25}},"line":79},"11":{"name":"(anonymous_11)","decl":{"start":{"line":95,"column":4},"end":{"line":95,"column":5}},"loc":{"start":{"line":95,"column":50},"end":{"line":100,"column":5}},"line":95},"12":{"name":"(anonymous_12)","decl":{"start":{"line":104,"column":4},"end":{"line":104,"column":5}},"loc":{"start":{"line":104,"column":26},"end":{"line":118,"column":5}},"line":104},"13":{"name":"(anonymous_13)","decl":{"start":{"line":114,"column":41},"end":{"line":114,"column":42}},"loc":{"start":{"line":114,"column":51},"end":{"line":116,"column":13}},"line":114},"14":{"name":"(anonymous_14)","decl":{"start":{"line":123,"column":4},"end":{"line":123,"column":5}},"loc":{"start":{"line":123,"column":22},"end":{"line":140,"column":5}},"line":123},"15":{"name":"(anonymous_15)","decl":{"start":{"line":132,"column":22},"end":{"line":132,"column":23}},"loc":{"start":{"line":132,"column":29},"end":{"line":138,"column":9}},"line":132}},"branchMap":{"0":{"loc":{"start":{"line":7,"column":8},"end":{"line":14,"column":9}},"type":"if","locations":[{"start":{"line":7,"column":8},"end":{"line":14,"column":9}},{"start":{},"end":{}}],"line":7},"1":{"loc":{"start":{"line":22,"column":8},"end":{"line":30,"column":9}},"type":"if","locations":[{"start":{"line":22,"column":8},"end":{"line":30,"column":9}},{"start":{},"end":{}}],"line":22},"2":{"loc":{"start":{"line":22,"column":11},"end":{"line":22,"column":51}},"type":"binary-expr","locations":[{"start":{"line":22,"column":11},"end":{"line":22,"column":26}},{"start":{"line":22,"column":29},"end":{"line":22,"column":51}}],"line":22},"3":{"loc":{"start":{"line":26,"column":16},"end":{"line":28,"column":17}},"type":"if","locations":[{"start":{"line":26,"column":16},"end":{"line":28,"column":17}},{"start":{},"end":{}}],"line":26},"4":{"loc":{"start":{"line":40,"column":12},"end":{"line":40,"column":78}},"type":"binary-expr","locations":[{"start":{"line":40,"column":12},"end":{"line":40,"column":29}},{"start":{"line":40,"column":32},"end":{"line":40,"column":49}},{"start":{"line":40,"column":51},"end":{"line":40,"column":77}}],"line":40},"5":{"loc":{"start":{"line":47,"column":8},"end":{"line":57,"column":9}},"type":"if","locations":[{"start":{"line":47,"column":8},"end":{"line":57,"column":9}},{"start":{},"end":{}}],"line":47},"6":{"loc":{"start":{"line":47,"column":11},"end":{"line":47,"column":58}},"type":"binary-expr","locations":[{"start":{"line":47,"column":11},"end":{"line":47,"column":30}},{"start":{"line":47,"column":32},"end":{"line":47,"column":58}}],"line":47},"7":{"loc":{"start":{"line":49,"column":16},"end":{"line":55,"column":17}},"type":"if","locations":[{"start":{"line":49,"column":16},"end":{"line":55,"column":17}},{"start":{"line":52,"column":22},"end":{"line":55,"column":17}}],"line":49},"8":{"loc":{"start":{"line":52,"column":22},"end":{"line":55,"column":17}},"type":"if","locations":[{"start":{"line":52,"column":22},"end":{"line":55,"column":17}},{"start":{},"end":{}}],"line":52},"9":{"loc":{"start":{"line":67,"column":12},"end":{"line":84,"column":13}},"type":"if","locations":[{"start":{"line":67,"column":12},"end":{"line":84,"column":13}},{"start":{},"end":{}}],"line":67},"10":{"loc":{"start":{"line":69,"column":16},"end":{"line":83,"column":17}},"type":"switch","locations":[{"start":{"line":70,"column":20},"end":{"line":74,"column":30}},{"start":{"line":75,"column":20},"end":{"line":82,"column":30}}],"line":69},"11":{"loc":{"start":{"line":85,"column":12},"end":{"line":87,"column":13}},"type":"if","locations":[{"start":{"line":85,"column":12},"end":{"line":87,"column":13}},{"start":{},"end":{}}],"line":85},"12":{"loc":{"start":{"line":106,"column":8},"end":{"line":117,"column":9}},"type":"if","locations":[{"start":{"line":106,"column":8},"end":{"line":117,"column":9}},{"start":{},"end":{}}],"line":106},"13":{"loc":{"start":{"line":133,"column":12},"end":{"line":137,"column":13}},"type":"if","locations":[{"start":{"line":133,"column":12},"end":{"line":137,"column":13}},{"start":{"line":135,"column":17},"end":{"line":137,"column":13}}],"line":133},"14":{"loc":{"start":{"line":133,"column":15},"end":{"line":133,"column":58}},"type":"binary-expr","locations":[{"start":{"line":133,"column":15},"end":{"line":133,"column":22}},{"start":{"line":133,"column":24},"end":{"line":133,"column":58}}],"line":133}},"s":{"0":1,"1":1,"2":1,"3":1,"4":1,"5":1,"6":1,"7":1,"8":1,"9":5,"10":4,"11":1,"12":5,"13":5,"14":5,"15":4,"16":7,"17":4,"18":3,"19":3,"20":4,"21":4,"22":7,"23":7,"24":2,"25":2,"26":1,"27":4,"28":1,"29":1,"30":4,"31":1,"32":1,"33":1,"34":7,"35":1,"36":4,"37":1,"38":1,"39":1,"40":3,"41":3,"42":3,"43":3,"44":6,"45":3,"46":3,"47":3,"48":3,"49":3,"50":5,"51":1,"52":4,"53":3},"f":{"0":1,"1":1,"2":5,"3":5,"4":5,"5":7,"6":4,"7":7,"8":4,"9":4,"10":1,"11":1,"12":3,"13":6,"14":3,"15":5},"b":{"0":[1,0],"1":[1,0],"2":[1,1],"3":[4,1],"4":[5,5,1],"5":[4,1],"6":[5,5],"7":[4,3],"8":[3,0],"9":[2,5],"10":[1,1],"11":[1,6],"12":[3,0],"13":[1,4],"14":[5,3]},"_coverageSchema":"1a1c01bbd47fc00a2c39e90264f33305004495a9","hash":"ca3952775516c61f70ff2841932a272e47756634"}
,"D:\\百度前端大作业\\百度前端大作业\\src\\dep.js": {"path":"D:\\百度前端大作业\\百度前端大作业\\src\\dep.js","statementMap":{"0":{"start":{"line":4,"column":8},"end":{"line":4,"column":21}},"1":{"start":{"line":7,"column":8},"end":{"line":7,"column":37}},"2":{"start":{"line":10,"column":8},"end":{"line":12,"column":9}},"3":{"start":{"line":11,"column":12},"end":{"line":11,"column":36}}},"fnMap":{"0":{"name":"(anonymous_0)","decl":{"start":{"line":2,"column":4},"end":{"line":2,"column":5}},"loc":{"start":{"line":2,"column":18},"end":{"line":5,"column":5}},"line":2},"1":{"name":"(anonymous_1)","decl":{"start":{"line":6,"column":4},"end":{"line":6,"column":5}},"loc":{"start":{"line":6,"column":18},"end":{"line":8,"column":5}},"line":6},"2":{"name":"(anonymous_2)","decl":{"start":{"line":9,"column":4},"end":{"line":9,"column":5}},"loc":{"start":{"line":9,"column":12},"end":{"line":13,"column":5}},"line":9}},"branchMap":{},"s":{"0":1,"1":12,"2":3,"3":9},"f":{"0":1,"1":12,"2":3},"b":{},"_coverageSchema":"1a1c01bbd47fc00a2c39e90264f33305004495a9","hash":"f3681cc45a288b37bd0d504f3b2d5f753aabecf9"}
,"D:\\百度前端大作业\\百度前端大作业\\src\\index.js": {"path":"D:\\百度前端大作业\\百度前端大作业\\src\\index.js","statementMap":{"0":{"start":{"line":7,"column":8},"end":{"line":7,"column":52}},"1":{"start":{"line":9,"column":8},"end":{"line":9,"column":36}},"2":{"start":{"line":11,"column":8},"end":{"line":11,"column":36}},"3":{"start":{"line":12,"column":8},"end":{"line":12,"column":43}},"4":{"start":{"line":14,"column":8},"end":{"line":14,"column":33}},"5":{"start":{"line":16,"column":8},"end":{"line":16,"column":27}},"6":{"start":{"line":25,"column":8},"end":{"line":34,"column":11}},"7":{"start":{"line":26,"column":12},"end":{"line":33,"column":15}},"8":{"start":{"line":28,"column":20},"end":{"line":28,"column":39}},"9":{"start":{"line":31,"column":20},"end":{"line":31,"column":37}},"10":{"start":{"line":41,"column":8},"end":{"line":45,"column":9}},"11":{"start":{"line":42,"column":11},"end":{"line":44,"column":15}},"12":{"start":{"line":43,"column":15},"end":{"line":43,"column":40}},"13":{"start":{"line":48,"column":0},"end":{"line":48,"column":15}}},"fnMap":{"0":{"name":"(anonymous_0)","decl":{"start":{"line":5,"column":4},"end":{"line":5,"column":5}},"loc":{"start":{"line":5,"column":25},"end":{"line":17,"column":5}},"line":5},"1":{"name":"(anonymous_1)","decl":{"start":{"line":24,"column":4},"end":{"line":24,"column":5}},"loc":{"start":{"line":24,"column":20},"end":{"line":35,"column":5}},"line":24},"2":{"name":"(anonymous_2)","decl":{"start":{"line":25,"column":34},"end":{"line":25,"column":35}},"loc":{"start":{"line":25,"column":42},"end":{"line":34,"column":9}},"line":25},"3":{"name":"(anonymous_3)","decl":{"start":{"line":27,"column":16},"end":{"line":27,"column":17}},"loc":{"start":{"line":27,"column":29},"end":{"line":29,"column":17}},"line":27},"4":{"name":"(anonymous_4)","decl":{"start":{"line":30,"column":16},"end":{"line":30,"column":17}},"loc":{"start":{"line":30,"column":21},"end":{"line":32,"column":17}},"line":30},"5":{"name":"(anonymous_5)","decl":{"start":{"line":40,"column":4},"end":{"line":40,"column":5}},"loc":{"start":{"line":40,"column":26},"end":{"line":46,"column":5}},"line":40},"6":{"name":"(anonymous_6)","decl":{"start":{"line":42,"column":40},"end":{"line":42,"column":41}},"loc":{"start":{"line":42,"column":48},"end":{"line":44,"column":12}},"line":42}},"branchMap":{"0":{"loc":{"start":{"line":9,"column":19},"end":{"line":9,"column":35}},"type":"binary-expr","locations":[{"start":{"line":9,"column":19},"end":{"line":9,"column":31}},{"start":{"line":9,"column":33},"end":{"line":9,"column":35}}],"line":9},"1":{"loc":{"start":{"line":41,"column":8},"end":{"line":45,"column":9}},"type":"if","locations":[{"start":{"line":41,"column":8},"end":{"line":45,"column":9}},{"start":{},"end":{}}],"line":41},"2":{"loc":{"start":{"line":41,"column":11},"end":{"line":41,"column":45}},"type":"binary-expr","locations":[{"start":{"line":41,"column":11},"end":{"line":41,"column":18}},{"start":{"line":41,"column":20},"end":{"line":41,"column":45}}],"line":41}},"s":{"0":1,"1":1,"2":1,"3":1,"4":1,"5":1,"6":1,"7":1,"8":2,"9":12,"10":1,"11":1,"12":1,"13":1},"f":{"0":1,"1":1,"2":1,"3":2,"4":12,"5":1,"6":1},"b":{"0":[1,0],"1":[1,0],"2":[1,1]},"_coverageSchema":"1a1c01bbd47fc00a2c39e90264f33305004495a9","hash":"b304c145accbb2879b153d83c816ffea8e452d9f"}
,"D:\\百度前端大作业\\百度前端大作业\\src\\observer.js": {"path":"D:\\百度前端大作业\\百度前端大作业\\src\\observer.js","statementMap":{"0":{"start":{"line":5,"column":8},"end":{"line":5,"column":23}},"1":{"start":{"line":7,"column":8},"end":{"line":7,"column":29}},"2":{"start":{"line":14,"column":8},"end":{"line":16,"column":9}},"3":{"start":{"line":15,"column":12},"end":{"line":15,"column":19}},"4":{"start":{"line":17,"column":8},"end":{"line":19,"column":11}},"5":{"start":{"line":18,"column":12},"end":{"line":18,"column":52}},"6":{"start":{"line":26,"column":16},"end":{"line":26,"column":25}},"7":{"start":{"line":27,"column":8},"end":{"line":40,"column":11}},"8":{"start":{"line":33,"column":16},"end":{"line":33,"column":53}},"9":{"start":{"line":34,"column":16},"end":{"line":34,"column":29}},"10":{"start":{"line":37,"column":16},"end":{"line":37,"column":31}},"11":{"start":{"line":38,"column":16},"end":{"line":38,"column":29}},"12":{"start":{"line":41,"column":8},"end":{"line":41,"column":25}}},"fnMap":{"0":{"name":"(anonymous_0)","decl":{"start":{"line":4,"column":4},"end":{"line":4,"column":5}},"loc":{"start":{"line":4,"column":22},"end":{"line":8,"column":5}},"line":4},"1":{"name":"(anonymous_1)","decl":{"start":{"line":13,"column":4},"end":{"line":13,"column":5}},"loc":{"start":{"line":13,"column":14},"end":{"line":20,"column":5}},"line":13},"2":{"name":"(anonymous_2)","decl":{"start":{"line":17,"column":34},"end":{"line":17,"column":35}},"loc":{"start":{"line":17,"column":42},"end":{"line":19,"column":9}},"line":17},"3":{"name":"(anonymous_3)","decl":{"start":{"line":25,"column":4},"end":{"line":25,"column":5}},"loc":{"start":{"line":25,"column":34},"end":{"line":42,"column":5}},"line":25},"4":{"name":"(anonymous_4)","decl":{"start":{"line":32,"column":16},"end":{"line":32,"column":17}},"loc":{"start":{"line":32,"column":21},"end":{"line":35,"column":13}},"line":32},"5":{"name":"(anonymous_5)","decl":{"start":{"line":36,"column":16},"end":{"line":36,"column":17}},"loc":{"start":{"line":36,"column":29},"end":{"line":39,"column":13}},"line":36}},"branchMap":{"0":{"loc":{"start":{"line":14,"column":8},"end":{"line":16,"column":9}},"type":"if","locations":[{"start":{"line":14,"column":8},"end":{"line":16,"column":9}},{"start":{},"end":{}}],"line":14},"1":{"loc":{"start":{"line":14,"column":11},"end":{"line":14,"column":40}},"type":"binary-expr","locations":[{"start":{"line":14,"column":11},"end":{"line":14,"column":16}},{"start":{"line":14,"column":18},"end":{"line":14,"column":40}}],"line":14},"2":{"loc":{"start":{"line":33,"column":16},"end":{"line":33,"column":52}},"type":"binary-expr","locations":[{"start":{"line":33,"column":16},"end":{"line":33,"column":26}},{"start":{"line":33,"column":30},"end":{"line":33,"column":52}}],"line":33}},"s":{"0":1,"1":1,"2":2,"3":1,"4":1,"5":1,"6":1,"7":1,"8":12,"9":12,"10":3,"11":3,"12":1},"f":{"0":1,"1":2,"2":1,"3":1,"4":12,"5":3},"b":{"0":[1,1],"1":[2,2],"2":[12,12]},"_coverageSchema":"1a1c01bbd47fc00a2c39e90264f33305004495a9","hash":"1d0efd3122922b518567840446c40c21a501db32"}
,"D:\\百度前端大作业\\百度前端大作业\\src\\watcher.js": {"path":"D:\\百度前端大作业\\百度前端大作业\\src\\watcher.js","statementMap":{"0":{"start":{"line":3,"column":9},"end":{"line":3,"column":10}},"1":{"start":{"line":6,"column":8},"end":{"line":6,"column":21}},"2":{"start":{"line":7,"column":8},"end":{"line":7,"column":25}},"3":{"start":{"line":8,"column":8},"end":{"line":8,"column":31}},"4":{"start":{"line":9,"column":8},"end":{"line":9,"column":24}},"5":{"start":{"line":10,"column":8},"end":{"line":10,"column":22}},"6":{"start":{"line":17,"column":8},"end":{"line":17,"column":24}},"7":{"start":{"line":18,"column":21},"end":{"line":18,"column":67}},"8":{"start":{"line":19,"column":8},"end":{"line":19,"column":24}},"9":{"start":{"line":20,"column":8},"end":{"line":20,"column":24}},"10":{"start":{"line":27,"column":21},"end":{"line":27,"column":31}},"11":{"start":{"line":28,"column":8},"end":{"line":28,"column":47}},"12":{"start":{"line":35,"column":17},"end":{"line":35,"column":73}},"13":{"start":{"line":36,"column":8},"end":{"line":36,"column":25}}},"fnMap":{"0":{"name":"(anonymous_0)","decl":{"start":{"line":5,"column":4},"end":{"line":5,"column":5}},"loc":{"start":{"line":5,"column":36},"end":{"line":11,"column":5}},"line":5},"1":{"name":"(anonymous_1)","decl":{"start":{"line":16,"column":4},"end":{"line":16,"column":5}},"loc":{"start":{"line":16,"column":9},"end":{"line":21,"column":5}},"line":16},"2":{"name":"(anonymous_2)","decl":{"start":{"line":26,"column":4},"end":{"line":26,"column":5}},"loc":{"start":{"line":26,"column":12},"end":{"line":29,"column":5}},"line":26},"3":{"name":"(anonymous_3)","decl":{"start":{"line":30,"column":4},"end":{"line":30,"column":5}},"loc":{"start":{"line":30,"column":39},"end":{"line":37,"column":5}},"line":30}},"branchMap":{"0":{"loc":{"start":{"line":28,"column":8},"end":{"line":28,"column":46}},"type":"binary-expr","locations":[{"start":{"line":28,"column":8},"end":{"line":28,"column":21}},{"start":{"line":28,"column":23},"end":{"line":28,"column":46}}],"line":28}},"s":{"0":1,"1":5,"2":5,"3":5,"4":5,"5":5,"6":14,"7":14,"8":14,"9":14,"10":14,"11":14,"12":14,"13":14},"f":{"0":5,"1":14,"2":14,"3":14},"b":{"0":[14,14]},"_coverageSchema":"1a1c01bbd47fc00a2c39e90264f33305004495a9","hash":"ec3c0d35d25cb43fd70f405321344dc8e162cd43"}
}
