TN:
SF:src\compiler.js
FN:4,(anonymous_0)
FN:20,(anonymous_1)
FN:23,(anonymous_2)
FN:37,(anonymous_3)
FN:46,(anonymous_4)
FN:48,(anonymous_5)
FN:63,(anonymous_6)
FN:65,(anonymous_7)
FN:71,(anonymous_8)
FN:76,(anonymous_9)
FN:79,(anonymous_10)
FN:95,(anonymous_11)
FN:104,(anonymous_12)
FN:114,(anonymous_13)
FN:123,(anonymous_14)
FN:132,(anonymous_15)
FNF:16
FNH:16
FNDA:1,(anonymous_0)
FNDA:1,(anonymous_1)
FNDA:5,(anonymous_2)
FNDA:5,(anonymous_3)
FNDA:5,(anonymous_4)
FNDA:7,(anonymous_5)
FNDA:4,(anonymous_6)
FNDA:7,(anonymous_7)
FNDA:4,(anonymous_8)
FNDA:4,(anonymous_9)
FNDA:1,(anonymous_10)
FNDA:1,(anonymous_11)
FNDA:3,(anonymous_12)
FNDA:6,(anonymous_13)
FNDA:3,(anonymous_14)
FNDA:5,(anonymous_15)
DA:5,1
DA:6,1
DA:7,1
DA:9,1
DA:11,1
DA:13,1
DA:21,1
DA:22,1
DA:23,1
DA:26,5
DA:27,4
DA:31,1
DA:38,5
DA:39,5
DA:47,5
DA:48,4
DA:49,7
DA:51,4
DA:52,3
DA:54,3
DA:64,4
DA:65,4
DA:66,7
DA:67,7
DA:68,2
DA:69,2
DA:71,1
DA:72,4
DA:74,1
DA:76,1
DA:77,4
DA:79,1
DA:80,1
DA:82,1
DA:85,7
DA:86,1
DA:89,4
DA:97,1
DA:98,1
DA:99,1
DA:105,3
DA:106,3
DA:108,3
DA:114,3
DA:115,6
DA:125,3
DA:127,3
DA:129,3
DA:131,3
DA:132,3
DA:133,5
DA:134,1
DA:136,4
DA:139,3
LF:54
LH:54
BRDA:7,0,0,1
BRDA:7,0,1,0
BRDA:22,1,0,1
BRDA:22,1,1,0
BRDA:22,2,0,1
BRDA:22,2,1,1
BRDA:26,3,0,4
BRDA:26,3,1,1
BRDA:40,4,0,5
BRDA:40,4,1,5
BRDA:40,4,2,1
BRDA:47,5,0,4
BRDA:47,5,1,1
BRDA:47,6,0,5
BRDA:47,6,1,5
BRDA:49,7,0,4
BRDA:49,7,1,3
BRDA:52,8,0,3
BRDA:52,8,1,0
BRDA:67,9,0,2
BRDA:67,9,1,5
BRDA:69,10,0,1
BRDA:69,10,1,1
BRDA:85,11,0,1
BRDA:85,11,1,6
BRDA:106,12,0,3
BRDA:106,12,1,0
BRDA:133,13,0,1
BRDA:133,13,1,4
BRDA:133,14,0,5
BRDA:133,14,1,3
BRF:31
BRH:27
end_of_record
TN:
SF:src\dep.js
FN:2,(anonymous_0)
FN:6,(anonymous_1)
FN:9,(anonymous_2)
FNF:3
FNH:3
FNDA:1,(anonymous_0)
FNDA:12,(anonymous_1)
FNDA:3,(anonymous_2)
DA:4,1
DA:7,12
DA:10,3
DA:11,9
LF:4
LH:4
BRF:0
BRH:0
end_of_record
TN:
SF:src\index.js
FN:5,(anonymous_0)
FN:24,(anonymous_1)
FN:25,(anonymous_2)
FN:27,(anonymous_3)
FN:30,(anonymous_4)
FN:40,(anonymous_5)
FN:42,(anonymous_6)
FNF:7
FNH:7
FNDA:1,(anonymous_0)
FNDA:1,(anonymous_1)
FNDA:1,(anonymous_2)
FNDA:2,(anonymous_3)
FNDA:12,(anonymous_4)
FNDA:1,(anonymous_5)
FNDA:1,(anonymous_6)
DA:7,1
DA:9,1
DA:11,1
DA:12,1
DA:14,1
DA:16,1
DA:25,1
DA:26,1
DA:28,2
DA:31,12
DA:41,1
DA:42,1
DA:43,1
DA:48,1
LF:14
LH:14
BRDA:9,0,0,1
BRDA:9,0,1,0
BRDA:41,1,0,1
BRDA:41,1,1,0
BRDA:41,2,0,1
BRDA:41,2,1,1
BRF:6
BRH:4
end_of_record
TN:
SF:src\observer.js
FN:4,(anonymous_0)
FN:13,(anonymous_1)
FN:17,(anonymous_2)
FN:25,(anonymous_3)
FN:32,(anonymous_4)
FN:36,(anonymous_5)
FNF:6
FNH:6
FNDA:1,(anonymous_0)
FNDA:2,(anonymous_1)
FNDA:1,(anonymous_2)
FNDA:1,(anonymous_3)
FNDA:12,(anonymous_4)
FNDA:3,(anonymous_5)
DA:5,1
DA:7,1
DA:14,2
DA:15,1
DA:17,1
DA:18,1
DA:26,1
DA:27,1
DA:33,12
DA:34,12
DA:37,3
DA:38,3
DA:41,1
LF:13
LH:13
BRDA:14,0,0,1
BRDA:14,0,1,1
BRDA:14,1,0,2
BRDA:14,1,1,2
BRDA:33,2,0,12
BRDA:33,2,1,12
BRF:6
BRH:6
end_of_record
TN:
SF:src\watcher.js
FN:5,(anonymous_0)
FN:16,(anonymous_1)
FN:26,(anonymous_2)
FN:30,(anonymous_3)
FNF:4
FNH:4
FNDA:5,(anonymous_0)
FNDA:14,(anonymous_1)
FNDA:14,(anonymous_2)
FNDA:14,(anonymous_3)
DA:3,1
DA:6,5
DA:7,5
DA:8,5
DA:9,5
DA:10,5
DA:17,14
DA:18,14
DA:19,14
DA:20,14
DA:27,14
DA:28,14
DA:35,14
DA:36,14
LF:14
LH:14
BRDA:28,0,0,14
BRDA:28,0,1,14
BRF:2
BRH:2
end_of_record
